00:30:00 **** Incremental Build of configuration Debug for project bh1750 ****
make -j12 all 
arm-none-eabi-gcc "../Core/Src/STM32_BH1750.c" -mcpu=cortex-m4 -std=gnu11 -g3 -DDEBUG -DUSE_HAL_DRIVER -DSTM32F407xx -c -I../Core/Inc -I../Drivers/STM32F4xx_HAL_Driver/Inc -I../Drivers/STM32F4xx_HAL_Driver/Inc/Legacy -I../Drivers/CMSIS/Device/ST/STM32F4xx/Include -I../Drivers/CMSIS/Include -O0 -ffunction-sections -fdata-sections -Wall -fstack-usage -fcyclomatic-complexity -MMD -MP -MF"Core/Src/STM32_BH1750.d" -MT"Core/Src/STM32_BH1750.o" --specs=nano.specs -mfpu=fpv4-sp-d16 -mfloat-abi=hard -mthumb -o "Core/Src/STM32_BH1750.o"
arm-none-eabi-gcc "../Core/Src/main.c" -mcpu=cortex-m4 -std=gnu11 -g3 -DDEBUG -DUSE_HAL_DRIVER -DSTM32F407xx -c -I../Core/Inc -I../Drivers/STM32F4xx_HAL_Driver/Inc -I../Drivers/STM32F4xx_HAL_Driver/Inc/Legacy -I../Drivers/CMSIS/Device/ST/STM32F4xx/Include -I../Drivers/CMSIS/Include -O0 -ffunction-sections -fdata-sections -Wall -fstack-usage -fcyclomatic-complexity -MMD -MP -MF"Core/Src/main.d" -MT"Core/Src/main.o" --specs=nano.specs -mfpu=fpv4-sp-d16 -mfloat-abi=hard -mthumb -o "Core/Src/main.o"
arm-none-eabi-gcc "../Core/Src/sysmem.c" -mcpu=cortex-m4 -std=gnu11 -g3 -DDEBUG -DUSE_HAL_DRIVER -DSTM32F407xx -c -I../Core/Inc -I../Drivers/STM32F4xx_HAL_Driver/Inc -I../Drivers/STM32F4xx_HAL_Driver/Inc/Legacy -I../Drivers/CMSIS/Device/ST/STM32F4xx/Include -I../Drivers/CMSIS/Include -O0 -ffunction-sections -fdata-sections -Wall -fstack-usage -fcyclomatic-complexity -MMD -MP -MF"Core/Src/sysmem.d" -MT"Core/Src/sysmem.o" --specs=nano.specs -mfpu=fpv4-sp-d16 -mfloat-abi=hard -mthumb -o "Core/Src/sysmem.o"
arm-none-eabi-gcc "../Core/Src/system_stm32f4xx.c" -mcpu=cortex-m4 -std=gnu11 -g3 -DDEBUG -DUSE_HAL_DRIVER -DSTM32F407xx -c -I../Core/Inc -I../Drivers/STM32F4xx_HAL_Driver/Inc -I../Drivers/STM32F4xx_HAL_Driver/Inc/Legacy -I../Drivers/CMSIS/Device/ST/STM32F4xx/Include -I../Drivers/CMSIS/Include -O0 -ffunction-sections -fdata-sections -Wall -fstack-usage -fcyclomatic-complexity -MMD -MP -MF"Core/Src/system_stm32f4xx.d" -MT"Core/Src/system_stm32f4xx.o" --specs=nano.specs -mfpu=fpv4-sp-d16 -mfloat-abi=hard -mthumb -o "Core/Src/system_stm32f4xx.o"
In file included from ../Core/Inc/STM32_BH1750.h:1,
                 from ../Core/Src/STM32_BH1750.c:3:
../Core/Inc/i2c.h:8:22: error: unknown type name 'I2C_TypeDef'
    8 | extern void I2C_Init(I2C_TypeDef* i2cPort, uint32_t i2cClock,
      |                      ^~~~~~~~~~~
../Core/Inc/i2c.h:8:44: error: unknown type name 'uint32_t'
    8 | extern void I2C_Init(I2C_TypeDef* i2cPort, uint32_t i2cClock,
      |                                            ^~~~~~~~
../Core/Inc/i2c.h:1:1: note: 'uint32_t' is defined in header '<stdint.h>'; did you forget to '#include <stdint.h>'?
  +++ |+#include <stdint.h>
    1 | #ifndef I2C_H
../Core/Inc/i2c.h:9:170: error: unknown type name 'uint32_t'
    9 |                                                                                                                                                                          uint32_t i2cCCR,
      |                                                                                                                                                                          ^~~~~~~~
../Core/Inc/i2c.h:9:170: note: 'uint32_t' is defined in header '<stdint.h>'; did you forget to '#include <stdint.h>'?
../Core/Inc/i2c.h:10:170: error: unknown type name 'uint32_t'
   10 |                                                                                                                                                                          uint32_t i2cTRISE);
      |                                                                                                                                                                          ^~~~~~~~
../Core/Inc/i2c.h:10:170: note: 'uint32_t' is defined in header '<stdint.h>'; did you forget to '#include <stdint.h>'?
../Core/Inc/i2c.h:12:27: error: unknown type name 'I2C_TypeDef'
   12 | extern void I2C_WriteByte(I2C_TypeDef* i2cPort, uint8_t slaveAddr,
      |                           ^~~~~~~~~~~
../Core/Inc/i2c.h:12:49: error: unknown type name 'uint8_t'
   12 | extern void I2C_WriteByte(I2C_TypeDef* i2cPort, uint8_t slaveAddr,
      |                                                 ^~~~~~~
../Core/Inc/i2c.h:12:49: note: 'uint8_t' is defined in header '<stdint.h>'; did you forget to '#include <stdint.h>'?
../Core/Inc/i2c.h:13:193: error: unknown type name 'uint8_t'
   13 |                                                                                                                                                                                                 uint8_t regAddr,
      |                                                                                                                                                                                                 ^~~~~~~
../Core/Inc/i2c.h:13:193: note: 'uint8_t' is defined in header '<stdint.h>'; did you forget to '#include <stdint.h>'?
../Core/Inc/i2c.h:14:193: error: unknown type name 'uint8_t'
   14 |                                                                                                                                                                                                 uint8_t data);
      |                                                                                                                                                                                                 ^~~~~~~
../Core/Inc/i2c.h:14:193: note: 'uint8_t' is defined in header '<stdint.h>'; did you forget to '#include <stdint.h>'?
../Core/Inc/i2c.h:16:32: error: unknown type name 'I2C_TypeDef'
   16 | extern void I2C_WriteMultiByte(I2C_TypeDef* i2cPort,
      |                                ^~~~~~~~~~~
../Core/Inc/i2c.h:17:122: error: unknown type name 'uint8_t'
   17 |                                                                                                                          uint8_t slaveAddr,
      |                                                                                                                          ^~~~~~~
../Core/Inc/i2c.h:17:122: note: 'uint8_t' is defined in header '<stdint.h>'; did you forget to '#include <stdint.h>'?
../Core/Inc/i2c.h:18:122: error: unknown type name 'uint8_t'
   18 |                                                                                                                          uint8_t regAddr,
      |                                                                                                                          ^~~~~~~
../Core/Inc/i2c.h:18:122: note: 'uint8_t' is defined in header '<stdint.h>'; did you forget to '#include <stdint.h>'?
../Core/Inc/i2c.h:19:122: error: unknown type name 'uint8_t'
   19 |                                                                                                                          uint8_t* pData,
      |                                                                                                                          ^~~~~~~
../Core/Inc/i2c.h:19:122: note: 'uint8_t' is defined in header '<stdint.h>'; did you forget to '#include <stdint.h>'?
../Core/Inc/i2c.h:20:122: error: unknown type name 'uint32_t'
   20 |                                                                                                                          uint32_t length);
      |                                                                                                                          ^~~~~~~~
../Core/Inc/i2c.h:20:122: note: 'uint32_t' is defined in header '<stdint.h>'; did you forget to '#include <stdint.h>'?
../Core/Inc/i2c.h:22:26: error: unknown type name 'I2C_TypeDef'
   22 | extern void I2C_ReadByte(I2C_TypeDef* i2cPort, uint8_t slaveAddr,
      |                          ^~~~~~~~~~~
../Core/Inc/i2c.h:22:48: error: unknown type name 'uint8_t'
   22 | extern void I2C_ReadByte(I2C_TypeDef* i2cPort, uint8_t slaveAddr,
      |                                                ^~~~~~~
../Core/Inc/i2c.h:22:48: note: 'uint8_t' is defined in header '<stdint.h>'; did you forget to '#include <stdint.h>'?
../Core/Inc/i2c.h:23:161: error: unknown type name 'uint8_t'
   23 |                                                                                                                                                                 uint8_t regAddr,
      |                                                                                                                                                                 ^~~~~~~
../Core/Inc/i2c.h:23:161: note: 'uint8_t' is defined in header '<stdint.h>'; did you forget to '#include <stdint.h>'?
../Core/Inc/i2c.h:24:161: error: unknown type name 'uint8_t'
   24 |                                                                                                                                                                 uint8_t* pData);
      |                                                                                                                                                                 ^~~~~~~
../Core/Inc/i2c.h:24:161: note: 'uint8_t' is defined in header '<stdint.h>'; did you forget to '#include <stdint.h>'?
../Core/Inc/i2c.h:26:28: error: unknown type name 'I2C_TypeDef'
   26 | extern void I2C_Read2Bytes(I2C_TypeDef* i2cPort, uint8_t slaveAddr,
      |                            ^~~~~~~~~~~
../Core/Inc/i2c.h:26:50: error: unknown type name 'uint8_t'
   26 | extern void I2C_Read2Bytes(I2C_TypeDef* i2cPort, uint8_t slaveAddr,
      |                                                  ^~~~~~~
../Core/Inc/i2c.h:26:50: note: 'uint8_t' is defined in header '<stdint.h>'; did you forget to '#include <stdint.h>'?
../Core/Inc/i2c.h:27:169: error: unknown type name 'uint8_t'
   27 |                                                                                                                                                                         uint8_t regAddr,
      |                                                                                                                                                                         ^~~~~~~
../Core/Inc/i2c.h:27:169: note: 'uint8_t' is defined in header '<stdint.h>'; did you forget to '#include <stdint.h>'?
../Core/Inc/i2c.h:28:169: error: unknown type name 'uint8_t'
   28 |                                                                                                                                                                         uint8_t* pData);
      |                                                                                                                                                                         ^~~~~~~
../Core/Inc/i2c.h:28:169: note: 'uint8_t' is defined in header '<stdint.h>'; did you forget to '#include <stdint.h>'?
../Core/Inc/i2c.h:30:35: error: unknown type name 'I2C_TypeDef'
   30 | extern void I2C_ReadMultipleBytes(I2C_TypeDef* i2cPort, uint8_t slaveAddr,
      |                                   ^~~~~~~~~~~
../Core/Inc/i2c.h:30:57: error: unknown type name 'uint8_t'
   30 | extern void I2C_ReadMultipleBytes(I2C_TypeDef* i2cPort, uint8_t slaveAddr,
      |                                                         ^~~~~~~
../Core/Inc/i2c.h:30:57: note: 'uint8_t' is defined in header '<stdint.h>'; did you forget to '#include <stdint.h>'?
../Core/Inc/i2c.h:31:169: error: unknown type name 'uint8_t'
   31 |                                                                                                                                                                         uint8_t regAddr,
      |                                                                                                                                                                         ^~~~~~~
../Core/Inc/i2c.h:31:169: note: 'uint8_t' is defined in header '<stdint.h>'; did you forget to '#include <stdint.h>'?
../Core/Inc/i2c.h:32:169: error: unknown type name 'uint8_t'
   32 |                                                                                                                                                                         uint8_t* pData,
      |                                                                                                                                                                         ^~~~~~~
../Core/Inc/i2c.h:32:169: note: 'uint8_t' is defined in header '<stdint.h>'; did you forget to '#include <stdint.h>'?
../Core/Inc/i2c.h:33:169: error: unknown type name 'uint8_t'
   33 |                                                                                                                                                                         uint8_t length);
      |                                                                                                                                                                         ^~~~~~~
../Core/Inc/i2c.h:33:169: note: 'uint8_t' is defined in header '<stdint.h>'; did you forget to '#include <stdint.h>'?
../Core/Inc/STM32_BH1750.h:2:10: fatal error: tim.h: No such file or directory
    2 | #include "tim.h"
      |          ^~~~~~~
compilation terminated.
make: *** [Core/Src/subdir.mk:37: Core/Src/STM32_BH1750.o] Error 1
make: *** Waiting for unfinished jobs....
../Core/Src/main.c: In function 'main':
../Core/Src/main.c:92:3: error: unknown type name 'BH1750_Data'
   92 |   BH1750_Data sensor = BH1750_Init(CONT_HI_RES, ADDR_0V, &hi2c1);
      |   ^~~~~~~~~~~
../Core/Src/main.c:92:24: warning: implicit declaration of function 'BH1750_Init' [-Wimplicit-function-declaration]
   92 |   BH1750_Data sensor = BH1750_Init(CONT_HI_RES, ADDR_0V, &hi2c1);
      |                        ^~~~~~~~~~~
../Core/Src/main.c:92:36: error: 'CONT_HI_RES' undeclared (first use in this function)
   92 |   BH1750_Data sensor = BH1750_Init(CONT_HI_RES, ADDR_0V, &hi2c1);
      |                                    ^~~~~~~~~~~
../Core/Src/main.c:92:36: note: each undeclared identifier is reported only once for each function it appears in
../Core/Src/main.c:92:49: error: 'ADDR_0V' undeclared (first use in this function)
   92 |   BH1750_Data sensor = BH1750_Init(CONT_HI_RES, ADDR_0V, &hi2c1);
      |                                                 ^~~~~~~
../Core/Src/main.c:101:11: error: 'result' undeclared (first use in this function)
  101 |           result = BH1750_Read(&sensor);
      |           ^~~~~~
../Core/Src/main.c:101:20: warning: implicit declaration of function 'BH1750_Read' [-Wimplicit-function-declaration]
  101 |           result = BH1750_Read(&sensor);
      |                    ^~~~~~~~~~~
make: *** [Core/Src/subdir.mk:37: Core/Src/main.o] Error 1
"make -j12 all" terminated with exit code 2. Build might be incomplete.

00:30:00 Build Failed. 34 errors, 2 warnings. (took 448ms)

